BPB_TA_CASH_PAYMENTS_V2.4.Sql v2.4.2 - 27.05.2022 г., корекция на грешки и подобрения:
------------------------------------------------------------------------------------
1. Корекция на грешки:
	- Отстранен е проблема, възникващ при едновременно избрани условия за:
		- индивидуална сделка ( [UI_INDIVIDUAL_DEAL] = 1 ) 
		- и номер на стандартен договор ( [UI_STD_DOG_CODE] = 1234 )
	- Отстранен е проблема, който възниква когато стойността на условие [UI_RAZPOREDITEL] е = -1
	- При изчисляване сумата на несъбраните такси [TAX_UNCOLLECTED_SUM], взема в предвид валутата на всяка 
	една отделна такса, като се използва превалутиране към валутата на партидата за такси.
	- Отсранена е грешка в процедурата за зареждане на данни в таблицата за сделки [RAZPREG_TA`], когато по нея има непратени такси
	- Отсранена е грешка в процедурата за зареждане сумата на нептатената такса към сметка
	- Процедурата за зачистване на данни, вместо празен низ '' инициализират клиентските данни с '0' за следните колони
	(до момента това се правеше само за Proxy-тата):
		- [UI_CUSTOMER_ID]
		- [UI_EGFN]
		- [COMPANY_EFN]
		- [UI_CLIENT_CODE]
		- [ID_NUMBER]
		- [SERVICE_GROUP_EGFN]	

2. Подобрения:
	- Добавена е нова съхранена процедура която връща (от OnlieDB) общата сума 
	на несъбрани такси по дадена сметка
	
BPB_TA_CASH_PAYMENTS_V2.3.Sql v2.3 - 25.05.2022 г., корекция на грешки и подобрения:
------------------------------------------------------------------------------------
1. Корекция на грешки:
	- В таблица dbo.[DEALS_CORR_TA] вече не се актулизира колона [CURRENCY], използва се само като условие
	- В таблица dbo.[DT015_CUSTOMERS_ACTIONS_TA], по колони се записва '0' вместо '':
		- [UI_CUSTOMER_ID]
		- [UI_EGFN]
		- [COMPANY_EFN]
		- [UI_CLIENT_CODE]
		- [ID_NUMBER]
		- [SERVICE_GROUP_EGFN]
	- Остранена е грешка при определяне на колона [IS_ZAPOR] в таблица dbo.[DT015_CUSTOMERS_ACTIONS_TA]


BPB_TA_CASH_PAYMENTS_V2.2.Sql v2.2 - 19.05.2022 г., корекция на грешки и подобрения:
------------------------------------------------------------------------------------
1. Корекция на грешки:
    - Крекция на процедурата за извличане на данните за кореспондиращите сметки, вече данни се извличат от OnlineDB, за:
        - Номера и тъп на сделка за партидата на кореспонденицята
        - Инициали на валута
        - Блокирана сума 
        - Разполагаемост
        - Сума на несъбраните такси

    - Направена е корекция при изчисляване сумата на запора - вече се вземат в предвид закритите блокировки.

    - Актуализация на поле UI_ACCOUNT от таблица dbo.[RAZPREG_TA], направена е корекция сметката да се връща с интервали.

    - Корекция при формиране SQL заявката по условие:
        - LIMIT_AVAILABILITY - подръжка на сравниения от вида '> X', '< X' и '= X'
            , както за основната партида, така и за тази на кореспонденцията.

2. Подобрения:
    - Премахнати са референциите към колона LIMIT_TAX_UNCOLLECTED към таблица dbo.[DEALS_CORR_TA] от всички скриптове.

    - Добавена е нова таблица dbo.[AGR_CASH_PAYMENTS_SQL_CONDITIONS] в която има възможност да се съхраняват SQL условия
        от който в последствие се генерира SQL заявката за намиране на подходяща сделка.
